2018-09-21 11:53:41,815: radical.saga.pty    : pmgr.0000.launching.0           : MainThread     : INFO    : python.interpreter   version: 2.7.14 (default, Sep 18 2017, 00:00:00) [GCC 4.8.4]
2018-09-21 11:53:41,815: radical.saga.pty    : pmgr.0000.launching.0           : MainThread     : INFO    :                      pid/tid: 21024/MainThread
2018-09-21 11:53:41,816: radical.saga.pty    : pmgr.0000.launching.0           : MainThread     : INFO    : PTY prompt pattern: [\$#%>\]]\s*$
2018-09-21 11:53:41,817: radical.saga.pty    : pmgr.0000.launching.0           : MainThread     : INFO    : ssh copy  mode set to 'sftp'
2018-09-21 11:53:41,817: radical.saga.pty    : pmgr.0000.launching.0           : MainThread     : INFO    : ssh share mode set to 'auto'
2018-09-21 11:53:41,817: radical.saga.pty    : pmgr.0000.launching.0           : MainThread     : INFO    : ssh timeout    set to '2000.0'
2018-09-21 11:53:41,818: radical.saga.pty    : pmgr.0000.launching.0           : MainThread     : INFO    : running: /usr/bin/env TERM=vt100 X509_USER_PROXY=/tmp/x509up_u1006 /usr/bin/gsissh -t -o IdentityFile=/home/scm177/.ssh/id_rsa -o ControlMaster=auto -o ControlPath=/tmp/saga_ssh_scm177_%h_%p.ctrl -o TCPKeepAlive=no -o ServerAliveInterval=10 -o ServerAliveCountMax=20 -o ConnectTimeout=2000 comet.sdsc.xsede.org
2018-09-21 11:53:42,183: radical.saga.pty    : pmgr.0000.launching.0           : MainThread     : INFO    : running: /usr/bin/env TERM=vt100 X509_USER_PROXY=/tmp/x509up_u1006 /usr/bin/gsissh -t -o IdentityFile=/home/scm177/.ssh/id_rsa -o ControlMaster=auto -o ControlPath=/tmp/saga_ssh_scm177_%h_%p.ctrl -o TCPKeepAlive=no -o ServerAliveInterval=10 -o ServerAliveCountMax=20 -o ConnectTimeout=2000 comet.sdsc.xsede.org
2018-09-21 11:53:43,260: radical.saga.pty    : pmgr.0000.launching.0           : MainThread     : INFO    : running: /usr/bin/env TERM=vt100 X509_USER_PROXY=/tmp/x509up_u1006 /usr/bin/gsissh -t -o IdentityFile=/home/scm177/.ssh/id_rsa -o ControlMaster=auto -o ControlPath=/tmp/saga_ssh_scm177_%h_%p.ctrl -o TCPKeepAlive=no -o ServerAliveInterval=10 -o ServerAliveCountMax=20 -o ConnectTimeout=2000 comet.sdsc.xsede.org
2018-09-21 11:53:44,426: radical.saga.pty    : pmgr.0000.launching.0           : MainThread     : INFO    : running: /usr/bin/env TERM=vt100 X509_USER_PROXY=/tmp/x509up_u1006 /usr/bin/gsisftp -o IdentityFile=/home/scm177/.ssh/id_rsa -o ControlMaster=auto -o ControlPath=/tmp/saga_ssh_scm177_%h_%p.ctrl -o TCPKeepAlive=no -o ServerAliveInterval=10 -o ServerAliveCountMax=20 -o ConnectTimeout=2000 comet.sdsc.xsede.org
2018-09-21 11:53:45,910: radical.saga.pty    : pmgr.0000.launching.0           : MainThread     : INFO    : running: /usr/bin/env TERM=vt100 X509_USER_PROXY=/tmp/x509up_u1006 /usr/bin/gsissh -t -o IdentityFile=/home/scm177/.ssh/id_rsa -o ControlMaster=auto -o ControlPath=/tmp/saga_ssh_scm177_%h_%p.ctrl -o TCPKeepAlive=no -o ServerAliveInterval=10 -o ServerAliveCountMax=20 -o ConnectTimeout=2000 comet.sdsc.xsede.org
2018-09-21 11:53:46,630: radical.saga.pty    : pmgr.0000.launching.0           : MainThread     : INFO    : running: /usr/bin/env TERM=vt100 X509_USER_PROXY=/tmp/x509up_u1006 /usr/bin/gsissh -t -o IdentityFile=/home/scm177/.ssh/id_rsa -o ControlMaster=auto -o ControlPath=/tmp/saga_ssh_scm177_%h_%p.ctrl -o TCPKeepAlive=no -o ServerAliveInterval=10 -o ServerAliveCountMax=20 -o ConnectTimeout=2000 comet.sdsc.xsede.org
2018-09-21 11:53:48,585: radical.saga.pty    : pmgr.0000.launching.0           : Thread-1       : WARNING : flush: [  128] [    1] (discard data: '
')
2018-09-21 11:53:48,589: radical.saga.pty    : pmgr.0000.launching.0           : MainThread     : WARNING : flush: [  127] [    1] (discard data: '
')
2018-09-21 11:53:48,788: radical.saga.pty    : pmgr.0000.launching.0           : MainThread     : WARNING : flush: [  127] [    1] (discard data: '
')
2018-09-21 11:53:48,972: radical.saga.pty    : pmgr.0000.launching.0           : MainThread     : WARNING : flush: [  127] [    1] (discard data: '
')
2018-09-21 11:53:49,149: radical.saga.pty    : pmgr.0000.launching.0           :