2018-09-16 09:20:20,211: radical.saga.pty    : pmgr.0000.launching.0           : MainThread     : INFO    : python.interpreter   version: 2.7.14 (default, Sep 18 2017, 00:00:00) [GCC 4.8.4]
2018-09-16 09:20:20,212: radical.saga.pty    : pmgr.0000.launching.0           : MainThread     : INFO    :                      pid/tid: 6596/MainThread
2018-09-16 09:20:20,213: radical.saga.pty    : pmgr.0000.launching.0           : MainThread     : INFO    : PTY prompt pattern: [\$#%>\]]\s*$
2018-09-16 09:20:20,214: radical.saga.pty    : pmgr.0000.launching.0           : MainThread     : INFO    : ssh copy  mode set to 'sftp'
2018-09-16 09:20:20,214: radical.saga.pty    : pmgr.0000.launching.0           : MainThread     : INFO    : ssh share mode set to 'auto'
2018-09-16 09:20:20,214: radical.saga.pty    : pmgr.0000.launching.0           : MainThread     : INFO    : ssh timeout    set to '2000.0'
2018-09-16 09:20:20,215: radical.saga.pty    : pmgr.0000.launching.0           : MainThread     : INFO    : running: /usr/bin/env TERM=vt100 X509_USER_PROXY=/tmp/x509up_u1006 /usr/bin/gsissh -t -o IdentityFile=/home/scm177/.ssh/id_rsa -o ControlMaster=auto -o ControlPath=/tmp/saga_ssh_scm177_%h_%p.ctrl -o TCPKeepAlive=no -o ServerAliveInterval=10 -o ServerAliveCountMax=20 -o ConnectTimeout=2000 comet.sdsc.xsede.org
2018-09-16 09:20:20,566: radical.saga.pty    : pmgr.0000.launching.0           : MainThread     : INFO    : running: /usr/bin/env TERM=vt100 X509_USER_PROXY=/tmp/x509up_u1006 /usr/bin/gsissh -t -o IdentityFile=/home/scm177/.ssh/id_rsa -o ControlMaster=auto -o ControlPath=/tmp/saga_ssh_scm177_%h_%p.ctrl -o TCPKeepAlive=no -o ServerAliveInterval=10 -o ServerAliveCountMax=20 -o ConnectTimeout=2000 comet.sdsc.xsede.org
2018-09-16 09:20:21,749: radical.saga.pty    : pmgr.0000.launching.0           : MainThread     : INFO    : running: /usr/bin/env TERM=vt100 X509_USER_PROXY=/tmp/x509up_u1006 /usr/bin/gsissh -t -o IdentityFile=/home/scm177/.ssh/id_rsa -o ControlMaster=auto -o ControlPath=/tmp/saga_ssh_scm177_%h_%p.ctrl -o TCPKeepAlive=no -o ServerAliveInterval=10 -o ServerAliveCountMax=20 -o ConnectTimeout=2000 comet.sdsc.xsede.org
2018-09-16 09:20:22,914: radical.saga.pty    : pmgr.0000.launching.0           : MainThread     : INFO    : running: /usr/bin/env TERM=vt100 X509_USER_PROXY=/tmp/x509up_u1006 /usr/bin/gsisftp -o IdentityFile=/home/scm177/.ssh/id_rsa -o ControlMaster=auto -o ControlPath=/tmp/saga_ssh_scm177_%h_%p.ctrl -o TCPKeepAlive=no -o ServerAliveInterval=10 -o ServerAliveCountMax=20 -o ConnectTimeout=2000 comet.sdsc.xsede.org
2018-09-16 09:20:24,370: radical.saga.pty    : pmgr.0000.launching.0           : MainThread     : INFO    : running: /usr/bin/env TERM=vt100 X509_USER_PROXY=/tmp/x509up_u1006 /usr/bin/gsissh -t -o IdentityFile=/home/scm177/.ssh/id_rsa -o ControlMaster=auto -o ControlPath=/tmp/saga_ssh_scm177_%h_%p.ctrl -o TCPKeepAlive=no -o ServerAliveInterval=10 -o ServerAliveCountMax=20 -o ConnectTimeout=2000 comet.sdsc.xsede.org
2018-09-16 09:20:25,084: radical.saga.pty    : pmgr.0000.launching.0           : MainThread     : INFO    : running: /usr/bin/env TERM=vt100 X509_USER_PROXY=/tmp/x509up_u1006 /usr/bin/gsissh -t -o IdentityFile=/home/scm177/.ssh/id_rsa -o ControlMaster=auto -o ControlPath=/tmp/saga_ssh_scm177_%h_%p.ctrl -o TCPKeepAlive=no -o ServerAliveInterval=10 -o ServerAliveCountMax=20 -o ConnectTimeout=2000 comet.sdsc.xsede.org
2018-09-16 09:20:26,704: radical.saga.pty    : pmgr.0000.launching.0           : Thread-1       : WARNING : flush: [  127] [    1] (discard data: '
')
2018-09-16 09:20:26,710: radical.saga.pty    : pmgr.0000.launching.0           : MainThread     : WARNING : flush: [  126] [    1] (discard data: '
')
2018-09-16 09:20:26,913: radical.saga.pty    : pmgr.0000.launching.0           : MainThread     : WARNING : flush: [  126] [    1] (discard data: '
')
2018-09-16 09:20:27,101: radical.saga.pty    : pmgr.0000.launching.0           : MainThread     : WARNING : flush: [  126] [    1] (discard data: '
')
2018-09-16 09:20:27,282: radical.saga.pty    : pmgr.0000.launching.0           : 