2018-09-21 13:35:59,571: radical.saga.pty    : pmgr.0000.launching.0           : MainThread     : INFO    : python.interpreter   version: 2.7.14 (default, Sep 18 2017, 00:00:00) [GCC 4.8.4]
2018-09-21 13:35:59,571: radical.saga.pty    : pmgr.0000.launching.0           : MainThread     : INFO    :                      pid/tid: 24102/MainThread
2018-09-21 13:35:59,572: radical.saga.pty    : pmgr.0000.launching.0           : MainThread     : INFO    : PTY prompt pattern: [\$#%>\]]\s*$
2018-09-21 13:35:59,573: radical.saga.pty    : pmgr.0000.launching.0           : MainThread     : INFO    : ssh copy  mode set to 'sftp'
2018-09-21 13:35:59,573: radical.saga.pty    : pmgr.0000.launching.0           : MainThread     : INFO    : ssh share mode set to 'auto'
2018-09-21 13:35:59,573: radical.saga.pty    : pmgr.0000.launching.0           : MainThread     : INFO    : ssh timeout    set to '2000.0'
2018-09-21 13:35:59,574: radical.saga.pty    : pmgr.0000.launching.0           : MainThread     : INFO    : running: /usr/bin/env TERM=vt100 X509_USER_PROXY=/tmp/x509up_u1006 /usr/bin/gsissh -t -o IdentityFile=/home/scm177/.ssh/id_rsa -o ControlMaster=auto -o ControlPath=/tmp/saga_ssh_scm177_%h_%p.ctrl -o TCPKeepAlive=no -o ServerAliveInterval=10 -o ServerAliveCountMax=20 -o ConnectTimeout=2000 comet.sdsc.xsede.org
2018-09-21 13:35:59,961: radical.saga.pty    : pmgr.0000.launching.0           : MainThread     : INFO    : running: /usr/bin/env TERM=vt100 X509_USER_PROXY=/tmp/x509up_u1006 /usr/bin/gsissh -t -o IdentityFile=/home/scm177/.ssh/id_rsa -o ControlMaster=auto -o ControlPath=/tmp/saga_ssh_scm177_%h_%p.ctrl -o TCPKeepAlive=no -o ServerAliveInterval=10 -o ServerAliveCountMax=20 -o ConnectTimeout=2000 comet.sdsc.xsede.org
2018-09-21 13:36:01,070: radical.saga.pty    : pmgr.0000.launching.0           : MainThread     : INFO    : running: /usr/bin/env TERM=vt100 X509_USER_PROXY=/tmp/x509up_u1006 /usr/bin/gsissh -t -o IdentityFile=/home/scm177/.ssh/id_rsa -o ControlMaster=auto -o ControlPath=/tmp/saga_ssh_scm177_%h_%p.ctrl -o TCPKeepAlive=no -o ServerAliveInterval=10 -o ServerAliveCountMax=20 -o ConnectTimeout=2000 comet.sdsc.xsede.org
2018-09-21 13:36:02,258: radical.saga.pty    : pmgr.0000.launching.0           : MainThread     : INFO    : running: /usr/bin/env TERM=vt100 X509_USER_PROXY=/tmp/x509up_u1006 /usr/bin/gsisftp -o IdentityFile=/home/scm177/.ssh/id_rsa -o ControlMaster=auto -o ControlPath=/tmp/saga_ssh_scm177_%h_%p.ctrl -o TCPKeepAlive=no -o ServerAliveInterval=10 -o ServerAliveCountMax=20 -o ConnectTimeout=2000 comet.sdsc.xsede.org
2018-09-21 13:36:04,165: radical.saga.pty    : pmgr.0000.launching.0           : MainThread     : INFO    : running: /usr/bin/env TERM=vt100 X509_USER_PROXY=/tmp/x509up_u1006 /usr/bin/gsissh -t -o IdentityFile=/home/scm177/.ssh/id_rsa -o ControlMaster=auto -o ControlPath=/tmp/saga_ssh_scm177_%h_%p.ctrl -o TCPKeepAlive=no -o ServerAliveInterval=10 -o ServerAliveCountMax=20 -o ConnectTimeout=2000 comet.sdsc.xsede.org
2018-09-21 13:36:04,910: radical.saga.pty    : pmgr.0000.launching.0           : MainThread     : INFO    : running: /usr/bin/env TERM=vt100 X509_USER_PROXY=/tmp/x509up_u1006 /usr/bin/gsissh -t -o IdentityFile=/home/scm177/.ssh/id_rsa -o ControlMaster=auto -o ControlPath=/tmp/saga_ssh_scm177_%h_%p.ctrl -o TCPKeepAlive=no -o ServerAliveInterval=10 -o ServerAliveCountMax=20 -o ConnectTimeout=2000 comet.sdsc.xsede.org
2018-09-21 13:36:07,173: radical.saga.pty    : pmgr.0000.launching.0           : Thread-1       : WARNING : flush: [  128] [    1] (discard data: '
')
2018-09-21 13:36:07,178: radical.saga.pty    : pmgr.0000.launching.0           : MainThread     : WARNING : flush: [  127] [    1] (discard data: '
')
2018-09-21 13:36:07,375: radical.saga.pty    : pmgr.0000.launching.0           : MainThread     : WARNING : flush: [  127] [    1] (discard data: '
')
2018-09-21 13:36:07,557: radical.saga.pty    : pmgr.0000.launching.0           : MainThread     : WARNING : flush: [  127] [    1] (discard data: '
')
2018-09-21 13:36:07,733: radical.saga.pty    : pmgr.0000.launching.0           :